CRITICAL - 2024-03-04 02:16:48 --> CodeIgniter\View\Exceptions\ViewException: Invalid file: "dashboard.php"
in SYSTEMPATH\Exceptions\FrameworkException.php on line 39.
 1 SYSTEMPATH\View\View.php(216): CodeIgniter\Exceptions\FrameworkException::forInvalidFile('dashboard.php')
 2 SYSTEMPATH\Common.php(1178): CodeIgniter\View\View->render('dashboard', [], true)
 3 APPPATH\Controllers\Dashboard.php(9): view('dashboard')
 4 SYSTEMPATH\CodeIgniter.php(941): App\Controllers\Dashboard->index()
 5 SYSTEMPATH\CodeIgniter.php(502): CodeIgniter\CodeIgniter->runController(Object(App\Controllers\Dashboard))
 6 SYSTEMPATH\CodeIgniter.php(361): CodeIgniter\CodeIgniter->handleRequest(null, Object(Config\Cache), false)
 7 FCPATH\index.php(79): CodeIgniter\CodeIgniter->run()
CRITICAL - 2024-03-04 02:22:50 --> CodeIgniter\View\Exceptions\ViewException: Invalid file: "templates/main.php"
in SYSTEMPATH\Exceptions\FrameworkException.php on line 39.
 1 SYSTEMPATH\View\View.php(216): CodeIgniter\Exceptions\FrameworkException::forInvalidFile('templates/main.php')
 2 SYSTEMPATH\View\View.php(244): CodeIgniter\View\View->render('templates/main', [], true)
 3 SYSTEMPATH\Common.php(1178): CodeIgniter\View\View->render('dashboard', [], true)
 4 APPPATH\Controllers\Dashboard.php(9): view('dashboard')
 5 SYSTEMPATH\CodeIgniter.php(941): App\Controllers\Dashboard->index()
 6 SYSTEMPATH\CodeIgniter.php(502): CodeIgniter\CodeIgniter->runController(Object(App\Controllers\Dashboard))
 7 SYSTEMPATH\CodeIgniter.php(361): CodeIgniter\CodeIgniter->handleRequest(null, Object(Config\Cache), false)
 8 FCPATH\index.php(79): CodeIgniter\CodeIgniter->run()
CRITICAL - 2024-03-04 02:36:28 --> ErrorException: Undefined variable $title
in APPPATH\Views\templates\main.php on line 12.
 1 APPPATH\Views\templates\main.php(12): CodeIgniter\Debug\Exceptions->errorHandler(2, 'Undefined variable $title', 'C:\\xampp\\htdocs\\dostx-opcr\\app\\Views\\templates\\main.php', 12)
 2 SYSTEMPATH\View\View.php(228): include('C:\\xampp\\htdocs\\dostx-opcr\\app\\Views\\templates\\main.php')
 3 SYSTEMPATH\View\View.php(231): CodeIgniter\View\View->CodeIgniter\View\{closure}()
 4 SYSTEMPATH\View\View.php(244): CodeIgniter\View\View->render('templates/main', [], true)
 5 SYSTEMPATH\Common.php(1178): CodeIgniter\View\View->render('dashboard', [], true)
 6 APPPATH\Controllers\Dashboard.php(9): view('dashboard')
 7 SYSTEMPATH\CodeIgniter.php(941): App\Controllers\Dashboard->index()
 8 SYSTEMPATH\CodeIgniter.php(502): CodeIgniter\CodeIgniter->runController(Object(App\Controllers\Dashboard))
 9 SYSTEMPATH\CodeIgniter.php(361): CodeIgniter\CodeIgniter->handleRequest(null, Object(Config\Cache), false)
10 FCPATH\index.php(79): CodeIgniter\CodeIgniter->run()
CRITICAL - 2024-03-04 03:10:57 --> Error: Class "App\Controllers\AuthModel" not found
in APPPATH\Controllers\Auth.php on line 16.
 1 SYSTEMPATH\CodeIgniter.php(913): App\Controllers\Auth->__construct()
 2 SYSTEMPATH\CodeIgniter.php(493): CodeIgniter\CodeIgniter->createController()
 3 SYSTEMPATH\CodeIgniter.php(361): CodeIgniter\CodeIgniter->handleRequest(null, Object(Config\Cache), false)
 4 FCPATH\index.php(79): CodeIgniter\CodeIgniter->run()
INFO - 2024-03-04 03:25:38 --> Session: Class initialized using 'CodeIgniter\Session\Handlers\FileHandler' driver.
CRITICAL - 2024-03-04 03:25:38 --> Error: Class "App\Controllers\tbluseraccount" not found
in APPPATH\Controllers\Auth.php on line 30.
 1 SYSTEMPATH\CodeIgniter.php(941): App\Controllers\Auth->auth_signin()
 2 SYSTEMPATH\CodeIgniter.php(502): CodeIgniter\CodeIgniter->runController(Object(App\Controllers\Auth))
 3 SYSTEMPATH\CodeIgniter.php(361): CodeIgniter\CodeIgniter->handleRequest(null, Object(Config\Cache), false)
 4 FCPATH\index.php(79): CodeIgniter\CodeIgniter->run()
INFO - 2024-03-04 03:25:58 --> Session: Class initialized using 'CodeIgniter\Session\Handlers\FileHandler' driver.
CRITICAL - 2024-03-04 03:25:58 --> Error: Class "App\Controllers\Users" not found
in APPPATH\Controllers\Auth.php on line 30.
 1 SYSTEMPATH\CodeIgniter.php(941): App\Controllers\Auth->auth_signin()
 2 SYSTEMPATH\CodeIgniter.php(502): CodeIgniter\CodeIgniter->runController(Object(App\Controllers\Auth))
 3 SYSTEMPATH\CodeIgniter.php(361): CodeIgniter\CodeIgniter->handleRequest(null, Object(Config\Cache), false)
 4 FCPATH\index.php(79): CodeIgniter\CodeIgniter->run()
INFO - 2024-03-04 03:26:26 --> Session: Class initialized using 'CodeIgniter\Session\Handlers\FileHandler' driver.
CRITICAL - 2024-03-04 03:26:26 --> Error: Class "App\Controllers\tbluseraccount" not found
in APPPATH\Controllers\Auth.php on line 30.
 1 SYSTEMPATH\CodeIgniter.php(941): App\Controllers\Auth->auth_signin()
 2 SYSTEMPATH\CodeIgniter.php(502): CodeIgniter\CodeIgniter->runController(Object(App\Controllers\Auth))
 3 SYSTEMPATH\CodeIgniter.php(361): CodeIgniter\CodeIgniter->handleRequest(null, Object(Config\Cache), false)
 4 FCPATH\index.php(79): CodeIgniter\CodeIgniter->run()
CRITICAL - 2024-03-04 03:28:03 --> ParseError: syntax error, unexpected token "class", expecting "," or ";"
in APPPATH\Controllers\Auth.php on line 6.
 1 SYSTEMPATH\Autoloader\Autoloader.php(290): CodeIgniter\Autoloader\Autoloader->includeFile('C:\\xampp\\htdocs\\dostx-opcr\\app\\Controllers\\Auth.php')
 2 SYSTEMPATH\Autoloader\Autoloader.php(266): CodeIgniter\Autoloader\Autoloader->loadInNamespace('App\\Controllers\\Auth')
 3 [internal function]: CodeIgniter\Autoloader\Autoloader->loadClass('App\\Controllers\\Auth')
 4 SYSTEMPATH\CodeIgniter.php(899): class_exists('\\App\\Controllers\\Auth', true)
 5 SYSTEMPATH\CodeIgniter.php(489): CodeIgniter\CodeIgniter->startController()
 6 SYSTEMPATH\CodeIgniter.php(361): CodeIgniter\CodeIgniter->handleRequest(null, Object(Config\Cache), false)
 7 FCPATH\index.php(79): CodeIgniter\CodeIgniter->run()
INFO - 2024-03-04 03:28:24 --> Session: Class initialized using 'CodeIgniter\Session\Handlers\FileHandler' driver.
CRITICAL - 2024-03-04 03:28:24 --> CodeIgniter\View\Exceptions\ViewException: Invalid file: "login.php"
in SYSTEMPATH\Exceptions\FrameworkException.php on line 39.
 1 SYSTEMPATH\View\View.php(216): CodeIgniter\Exceptions\FrameworkException::forInvalidFile('login.php')
 2 SYSTEMPATH\Common.php(1178): CodeIgniter\View\View->render('login', [], true)
 3 APPPATH\Controllers\Auth.php(44): view('login', [...])
 4 SYSTEMPATH\CodeIgniter.php(941): App\Controllers\Auth->auth_signin()
 5 SYSTEMPATH\CodeIgniter.php(502): CodeIgniter\CodeIgniter->runController(Object(App\Controllers\Auth))
 6 SYSTEMPATH\CodeIgniter.php(361): CodeIgniter\CodeIgniter->handleRequest(null, Object(Config\Cache), false)
 7 FCPATH\index.php(79): CodeIgniter\CodeIgniter->run()
INFO - 2024-03-04 03:28:45 --> Session: Class initialized using 'CodeIgniter\Session\Handlers\FileHandler' driver.
CRITICAL - 2024-03-04 03:28:45 --> ErrorException: Undefined variable $title
in APPPATH\Views\templates\main.php on line 12.
 1 APPPATH\Views\templates\main.php(12): CodeIgniter\Debug\Exceptions->errorHandler(2, 'Undefined variable $title', 'C:\\xampp\\htdocs\\dostx-opcr\\app\\Views\\templates\\main.php', 12)
 2 SYSTEMPATH\View\View.php(228): include('C:\\xampp\\htdocs\\dostx-opcr\\app\\Views\\templates\\main.php')
 3 SYSTEMPATH\View\View.php(231): CodeIgniter\View\View->CodeIgniter\View\{closure}()
 4 SYSTEMPATH\View\View.php(244): CodeIgniter\View\View->render('templates/main', [], true)
 5 SYSTEMPATH\Common.php(1178): CodeIgniter\View\View->render('/dashboard', [], true)
 6 APPPATH\Controllers\Auth.php(44): view('/dashboard', [...])
 7 SYSTEMPATH\CodeIgniter.php(941): App\Controllers\Auth->auth_signin()
 8 SYSTEMPATH\CodeIgniter.php(502): CodeIgniter\CodeIgniter->runController(Object(App\Controllers\Auth))
 9 SYSTEMPATH\CodeIgniter.php(361): CodeIgniter\CodeIgniter->handleRequest(null, Object(Config\Cache), false)
10 FCPATH\index.php(79): CodeIgniter\CodeIgniter->run()
INFO - 2024-03-04 03:29:30 --> Session: Class initialized using 'CodeIgniter\Session\Handlers\FileHandler' driver.
CRITICAL - 2024-03-04 03:29:30 --> ErrorException: Undefined variable $title
in APPPATH\Views\templates\main.php on line 12.
 1 APPPATH\Views\templates\main.php(12): CodeIgniter\Debug\Exceptions->errorHandler(2, 'Undefined variable $title', 'C:\\xampp\\htdocs\\dostx-opcr\\app\\Views\\templates\\main.php', 12)
 2 SYSTEMPATH\View\View.php(228): include('C:\\xampp\\htdocs\\dostx-opcr\\app\\Views\\templates\\main.php')
 3 SYSTEMPATH\View\View.php(231): CodeIgniter\View\View->CodeIgniter\View\{closure}()
 4 SYSTEMPATH\View\View.php(244): CodeIgniter\View\View->render('templates/main', [], true)
 5 SYSTEMPATH\Common.php(1178): CodeIgniter\View\View->render('/dashboard', [], true)
 6 APPPATH\Controllers\Auth.php(44): view('/dashboard', [...])
 7 SYSTEMPATH\CodeIgniter.php(941): App\Controllers\Auth->auth_signin()
 8 SYSTEMPATH\CodeIgniter.php(502): CodeIgniter\CodeIgniter->runController(Object(App\Controllers\Auth))
 9 SYSTEMPATH\CodeIgniter.php(361): CodeIgniter\CodeIgniter->handleRequest(null, Object(Config\Cache), false)
10 FCPATH\index.php(79): CodeIgniter\CodeIgniter->run()
INFO - 2024-03-04 03:34:05 --> Session: Class initialized using 'CodeIgniter\Session\Handlers\FileHandler' driver.
CRITICAL - 2024-03-04 03:34:05 --> ErrorException: Undefined variable $title
in APPPATH\Views\templates\main.php on line 12.
 1 APPPATH\Views\templates\main.php(12): CodeIgniter\Debug\Exceptions->errorHandler(2, 'Undefined variable $title', 'C:\\xampp\\htdocs\\dostx-opcr\\app\\Views\\templates\\main.php', 12)
 2 SYSTEMPATH\View\View.php(228): include('C:\\xampp\\htdocs\\dostx-opcr\\app\\Views\\templates\\main.php')
 3 SYSTEMPATH\View\View.php(231): CodeIgniter\View\View->CodeIgniter\View\{closure}()
 4 SYSTEMPATH\View\View.php(244): CodeIgniter\View\View->render('templates/main', [], true)
 5 SYSTEMPATH\Common.php(1178): CodeIgniter\View\View->render('/dashboard', [], true)
 6 APPPATH\Controllers\Auth.php(44): view('/dashboard', [...])
 7 SYSTEMPATH\CodeIgniter.php(941): App\Controllers\Auth->auth_signin()
 8 SYSTEMPATH\CodeIgniter.php(502): CodeIgniter\CodeIgniter->runController(Object(App\Controllers\Auth))
 9 SYSTEMPATH\CodeIgniter.php(361): CodeIgniter\CodeIgniter->handleRequest(null, Object(Config\Cache), false)
10 FCPATH\index.php(79): CodeIgniter\CodeIgniter->run()
INFO - 2024-03-04 03:35:30 --> Session: Class initialized using 'CodeIgniter\Session\Handlers\FileHandler' driver.
INFO - 2024-03-04 03:36:10 --> Session: Class initialized using 'CodeIgniter\Session\Handlers\FileHandler' driver.
