INFO - 2024-03-05 03:22:32 --> Session: Class initialized using 'CodeIgniter\Session\Handlers\FileHandler' driver.
INFO - 2024-03-05 03:23:25 --> Session: Class initialized using 'CodeIgniter\Session\Handlers\FileHandler' driver.
INFO - 2024-03-05 03:55:52 --> Session: Class initialized using 'CodeIgniter\Session\Handlers\FileHandler' driver.
INFO - 2024-03-05 03:55:57 --> Session: Class initialized using 'CodeIgniter\Session\Handlers\FileHandler' driver.
INFO - 2024-03-05 03:56:02 --> Session: Class initialized using 'CodeIgniter\Session\Handlers\FileHandler' driver.
INFO - 2024-03-05 03:56:05 --> Session: Class initialized using 'CodeIgniter\Session\Handlers\FileHandler' driver.
INFO - 2024-03-05 03:56:11 --> Session: Class initialized using 'CodeIgniter\Session\Handlers\FileHandler' driver.
INFO - 2024-03-05 04:00:12 --> Session: Class initialized using 'CodeIgniter\Session\Handlers\FileHandler' driver.
INFO - 2024-03-05 04:00:43 --> Session: Class initialized using 'CodeIgniter\Session\Handlers\FileHandler' driver.
INFO - 2024-03-05 04:00:44 --> Session: Class initialized using 'CodeIgniter\Session\Handlers\FileHandler' driver.
INFO - 2024-03-05 04:01:29 --> Session: Class initialized using 'CodeIgniter\Session\Handlers\FileHandler' driver.
CRITICAL - 2024-03-05 04:01:29 --> ErrorException: Undefined variable: title
in APPPATH\Views\templates\main.php on line 12.
 1 APPPATH\Views\templates\main.php(12): CodeIgniter\Debug\Exceptions->errorHandler(8, 'Undefined variable: title', 'D:\\xampp\\htdocs\\dostx-opcr\\app\\Views\\templates\\main.php', 12, [])
 2 SYSTEMPATH\View\View.php(228): include('D:\\xampp\\htdocs\\dostx-opcr\\app\\Views\\templates\\main.php')
 3 SYSTEMPATH\View\View.php(231): CodeIgniter\View\View->CodeIgniter\View\{closure}()
 4 SYSTEMPATH\View\View.php(244): CodeIgniter\View\View->render('templates/main', [], true)
 5 SYSTEMPATH\Common.php(1178): CodeIgniter\View\View->render('registry/perspective-view', [], true)
 6 APPPATH\Controllers\Registry.php(11): view('registry/perspective-view')
 7 SYSTEMPATH\CodeIgniter.php(941): App\Controllers\Registry->perspective()
 8 SYSTEMPATH\CodeIgniter.php(502): CodeIgniter\CodeIgniter->runController(Object(App\Controllers\Registry))
 9 SYSTEMPATH\CodeIgniter.php(361): CodeIgniter\CodeIgniter->handleRequest(null, Object(Config\Cache), false)
10 FCPATH\index.php(79): CodeIgniter\CodeIgniter->run()
CRITICAL - 2024-03-05 04:01:55 --> ParseError: syntax error, unexpected 'return' (T_RETURN)
in APPPATH\Controllers\Registry.php on line 12.
 1 SYSTEMPATH\Autoloader\Autoloader.php(290): CodeIgniter\Autoloader\Autoloader->includeFile('D:\\xampp\\htdocs\\dostx-opcr\\app\\Controllers\\Registry.php')
 2 SYSTEMPATH\Autoloader\Autoloader.php(266): CodeIgniter\Autoloader\Autoloader->loadInNamespace('App\\Controllers\\Registry')
 3 [internal function]: CodeIgniter\Autoloader\Autoloader->loadClass('App\\Controllers\\Registry')
 4 [internal function]: spl_autoload_call('App\\Controllers\\Registry')
 5 SYSTEMPATH\CodeIgniter.php(899): class_exists('\\App\\Controllers\\Registry', true)
 6 SYSTEMPATH\CodeIgniter.php(489): CodeIgniter\CodeIgniter->startController()
 7 SYSTEMPATH\CodeIgniter.php(361): CodeIgniter\CodeIgniter->handleRequest(null, Object(Config\Cache), false)
 8 FCPATH\index.php(79): CodeIgniter\CodeIgniter->run()
INFO - 2024-03-05 04:02:10 --> Session: Class initialized using 'CodeIgniter\Session\Handlers\FileHandler' driver.
CRITICAL - 2024-03-05 04:02:10 --> ErrorException: Undefined variable: title
in APPPATH\Views\templates\main.php on line 12.
 1 APPPATH\Views\templates\main.php(12): CodeIgniter\Debug\Exceptions->errorHandler(8, 'Undefined variable: title', 'D:\\xampp\\htdocs\\dostx-opcr\\app\\Views\\templates\\main.php', 12, [])
 2 SYSTEMPATH\View\View.php(228): include('D:\\xampp\\htdocs\\dostx-opcr\\app\\Views\\templates\\main.php')
 3 SYSTEMPATH\View\View.php(231): CodeIgniter\View\View->CodeIgniter\View\{closure}()
 4 SYSTEMPATH\View\View.php(244): CodeIgniter\View\View->render('templates/main', [], true)
 5 SYSTEMPATH\Common.php(1178): CodeIgniter\View\View->render('registry/perspective-view', [], true)
 6 APPPATH\Controllers\Registry.php(12): view('registry/perspective-view')
 7 SYSTEMPATH\CodeIgniter.php(941): App\Controllers\Registry->perspective()
 8 SYSTEMPATH\CodeIgniter.php(502): CodeIgniter\CodeIgniter->runController(Object(App\Controllers\Registry))
 9 SYSTEMPATH\CodeIgniter.php(361): CodeIgniter\CodeIgniter->handleRequest(null, Object(Config\Cache), false)
10 FCPATH\index.php(79): CodeIgniter\CodeIgniter->run()
INFO - 2024-03-05 04:02:24 --> Session: Class initialized using 'CodeIgniter\Session\Handlers\FileHandler' driver.
